<?xml version="1.0" encoding="UTF-8"?>
<!-- Generated by org.testng.reporters.JUnitReportReporter -->
<testsuite skipped="0" hostname="dineshkila" name="com.mydemo.testcases.SearchReasultPageTest" tests="1" failures="0" timestamp="19 Apr 2023 08:56:43 GMT" time="19.405" errors="0">
  <testcase name="searchProductTest" time="19.405" classname="com.mydemo.testcases.SearchReasultPageTest"/>
</testsuite> <!-- com.mydemo.testcases.SearchReasultPageTest -->
