<?xml version="1.0" encoding="UTF-8"?>
<!-- Generated by org.testng.reporters.JUnitReportReporter -->
<testsuite skipped="0" hostname="dineshkila" name="com.mydemo.testcases.IndexPageTest" tests="2" failures="0" timestamp="25 Apr 2023 11:36:26 GMT" time="12.300" errors="0">
  <testcase name="getTitleTest" time="6.004" classname="com.mydemo.testcases.IndexPageTest"/>
  <testcase name="verifyMyNopLogo" time="6.296" classname="com.mydemo.testcases.IndexPageTest"/>
</testsuite> <!-- com.mydemo.testcases.IndexPageTest -->
