<?xml version="1.0" encoding="UTF-8"?>
<!-- Generated by org.testng.reporters.JUnitReportReporter -->
<testsuite skipped="0" hostname="dineshkila" name="com.mydemo.testcases.AddressPageTest" tests="1" failures="0" timestamp="19 Apr 2023 08:56:43 GMT" time="46.046" errors="0">
  <testcase name="AddressPageTest" time="46.046" classname="com.mydemo.testcases.AddressPageTest"/>
</testsuite> <!-- com.mydemo.testcases.AddressPageTest -->
