<?xml version="1.0" encoding="UTF-8"?>
<!-- Generated by org.testng.reporters.JUnitReportReporter -->
<testsuite skipped="0" hostname="dineshkila" name="com.mydemo.testcases.IndexPageTest" tests="2" failures="0" timestamp="19 Apr 2023 09:54:52 GMT" time="61.824" errors="0">
  <testcase name="verifyMyNopLogo" time="8.128" classname="com.mydemo.testcases.IndexPageTest"/>
  <testcase name="getTitleTest" time="53.696" classname="com.mydemo.testcases.IndexPageTest"/>
</testsuite> <!-- com.mydemo.testcases.IndexPageTest -->
