<?xml version="1.0" encoding="UTF-8"?>
<!-- Generated by org.testng.reporters.JUnitReportReporter -->
<testsuite skipped="0" hostname="dineshkila" name="com.mydemo.testcases.AddressPageTest" tests="2" failures="0" timestamp="20 Apr 2023 04:50:00 GMT" time="68.131" errors="0">
  <testcase name="AddressPageTest" time="33.944" classname="com.mydemo.testcases.AddressPageTest"/>
  <testcase name="AddressPageTest" time="34.187" classname="com.mydemo.testcases.AddressPageTest"/>
</testsuite> <!-- com.mydemo.testcases.AddressPageTest -->
