<?xml version="1.0" encoding="UTF-8"?>
<!-- Generated by org.testng.reporters.JUnitReportReporter -->
<testsuite skipped="0" hostname="dineshkila" name="com.mydemo.testcases.PaymentPageTest" tests="1" failures="0" timestamp="19 Apr 2023 08:56:43 GMT" time="53.076" errors="0">
  <testcase name="PaymentPageTest" time="53.076" classname="com.mydemo.testcases.PaymentPageTest"/>
</testsuite> <!-- com.mydemo.testcases.PaymentPageTest -->
