<?xml version="1.0" encoding="UTF-8"?>
<!-- Generated by org.testng.reporters.JUnitReportReporter -->
<testsuite skipped="0" hostname="dineshkila" name="com.mydemo.testcases.ShoppingCartPageTest" tests="1" failures="0" timestamp="19 Apr 2023 08:56:43 GMT" time="40.630" errors="0">
  <testcase name="ShoppingCartPageTest" time="40.630" classname="com.mydemo.testcases.ShoppingCartPageTest"/>
</testsuite> <!-- com.mydemo.testcases.ShoppingCartPageTest -->
