<?xml version="1.0" encoding="UTF-8"?>
<!-- Generated by org.testng.reporters.JUnitReportReporter -->
<testsuite skipped="0" hostname="dineshkila" name="com.mydemo.testcases.HomePageTest" tests="2" failures="0" timestamp="19 Apr 2023 09:54:52 GMT" time="78.104" errors="0">
  <testcase name="verifyElectronicsLink" time="13.110" classname="com.mydemo.testcases.HomePageTest"/>
  <testcase name="verifyComputersLink" time="64.994" classname="com.mydemo.testcases.HomePageTest"/>
</testsuite> <!-- com.mydemo.testcases.HomePageTest -->
