<?xml version="1.0" encoding="UTF-8"?>
<!-- Generated by org.testng.reporters.JUnitReportReporter -->
<testsuite skipped="0" hostname="dineshkila" name="com.mydemo.testcases.AddToCartPageTest" tests="1" failures="0" timestamp="19 Apr 2023 08:56:43 GMT" time="26.035" errors="0">
  <testcase name="AddToCartTest" time="26.035" classname="com.mydemo.testcases.AddToCartPageTest"/>
</testsuite> <!-- com.mydemo.testcases.AddToCartPageTest -->
