<?xml version="1.0" encoding="UTF-8"?>
<!-- Generated by org.testng.reporters.JUnitReportReporter -->
<testsuite skipped="0" hostname="dineshkila" name="com.mydemo.testcases.IndexPageTest" tests="2" failures="0" timestamp="19 Apr 2023 08:56:43 GMT" time="15.196" errors="0">
  <testcase name="getTitleTest" time="7.147" classname="com.mydemo.testcases.IndexPageTest"/>
  <testcase name="verifyMyNopLogo" time="8.049" classname="com.mydemo.testcases.IndexPageTest"/>
</testsuite> <!-- com.mydemo.testcases.IndexPageTest -->
