<?xml version="1.0" encoding="UTF-8"?>
<!-- Generated by org.testng.reporters.JUnitReportReporter -->
<testsuite skipped="0" hostname="dineshkila" name="com.mydemo.testcases.RegisterPageTest" tests="1" failures="0" timestamp="20 Apr 2023 04:50:00 GMT" time="19.246" errors="0">
  <testcase name="registerTest" time="19.246" classname="com.mydemo.testcases.RegisterPageTest"/>
</testsuite> <!-- com.mydemo.testcases.RegisterPageTest -->
