<?xml version="1.0" encoding="UTF-8"?>
<!-- Generated by org.testng.reporters.JUnitReportReporter -->
<testsuite skipped="0" hostname="dineshkila" name="com.mydemo.testcases.SearchReasultPageTest" tests="1" failures="0" timestamp="19 Apr 2023 09:54:52 GMT" time="15.308" errors="0">
  <testcase name="searchProductTest" time="15.308" classname="com.mydemo.testcases.SearchReasultPageTest"/>
</testsuite> <!-- com.mydemo.testcases.SearchReasultPageTest -->
