<?xml version="1.0" encoding="UTF-8"?>
<!-- Generated by org.testng.reporters.JUnitReportReporter -->
<testsuite skipped="0" hostname="dineshkila" name="com.mydemo.testcases.HomePageTest" tests="2" failures="0" timestamp="25 Apr 2023 11:36:25 GMT" time="25.774" errors="0">
  <testcase name="verifyComputersLink" time="10.619" classname="com.mydemo.testcases.HomePageTest"/>
  <testcase name="verifyElectronicsLink" time="15.155" classname="com.mydemo.testcases.HomePageTest"/>
</testsuite> <!-- com.mydemo.testcases.HomePageTest -->
