<?xml version="1.0" encoding="UTF-8"?>
<!-- Generated by org.testng.reporters.JUnitReportReporter -->
<testsuite skipped="0" hostname="dineshkila" name="com.mydemo.testcases.OrderConfirmPageTest" tests="1" failures="0" timestamp="19 Apr 2023 08:56:43 GMT" time="67.440" errors="0">
  <testcase name="OrderConfirmPageTest" time="67.440" classname="com.mydemo.testcases.OrderConfirmPageTest"/>
</testsuite> <!-- com.mydemo.testcases.OrderConfirmPageTest -->
