<?xml version="1.0" encoding="UTF-8"?>
<!-- Generated by org.testng.reporters.JUnitReportReporter -->
<testsuite skipped="0" hostname="dineshkila" name="com.mydemo.testcases.HomePageTest" tests="2" failures="0" timestamp="19 Apr 2023 08:56:43 GMT" time="32.011" errors="0">
  <testcase name="verifyElectronicsLink" time="17.803" classname="com.mydemo.testcases.HomePageTest"/>
  <testcase name="verifyComputersLink" time="14.208" classname="com.mydemo.testcases.HomePageTest"/>
</testsuite> <!-- com.mydemo.testcases.HomePageTest -->
